[03-Dec-2025 04:57:50 UTC] PHP Parse error:  syntax error, unexpected token "endwhile", expecting end of file in C:\Users\Hector\Local Sites\blog\app\public\wp-content\themes\blankslate\page-home.php on line 11
[03-Dec-2025 06:29:08 UTC] PHP Warning:  Undefined variable $image in C:\Users\Hector\Local Sites\blog\app\public\wp-content\themes\blankslate\page-home.php on line 8
[03-Dec-2025 06:29:08 UTC] PHP Warning:  Trying to access array offset on value of type null in C:\Users\Hector\Local Sites\blog\app\public\wp-content\themes\blankslate\page-home.php on line 8
[03-Dec-2025 06:29:08 UTC] PHP Warning:  Trying to access array offset on value of type null in C:\Users\Hector\Local Sites\blog\app\public\wp-content\themes\blankslate\page-home.php on line 8
[03-Dec-2025 06:36:11 UTC] PHP Parse error:  syntax error, unexpected token "<" in C:\Users\Hector\Local Sites\blog\app\public\wp-content\themes\blankslate\page-home.php on line 12
[03-Dec-2025 06:43:42 UTC] PHP Warning:  Undefined variable $image in C:\Users\Hector\Local Sites\blog\app\public\wp-content\themes\blankslate\page-home.php on line 11
[03-Dec-2025 06:43:42 UTC] PHP Warning:  Trying to access array offset on value of type null in C:\Users\Hector\Local Sites\blog\app\public\wp-content\themes\blankslate\page-home.php on line 11
[03-Dec-2025 06:43:42 UTC] PHP Warning:  Trying to access array offset on value of type null in C:\Users\Hector\Local Sites\blog\app\public\wp-content\themes\blankslate\page-home.php on line 11
[03-Dec-2025 06:43:54 UTC] PHP Warning:  Undefined variable $image in C:\Users\Hector\Local Sites\blog\app\public\wp-content\themes\blankslate\page-home.php on line 9
[03-Dec-2025 06:43:54 UTC] PHP Warning:  Trying to access array offset on value of type null in C:\Users\Hector\Local Sites\blog\app\public\wp-content\themes\blankslate\page-home.php on line 9
[03-Dec-2025 06:43:54 UTC] PHP Warning:  Trying to access array offset on value of type null in C:\Users\Hector\Local Sites\blog\app\public\wp-content\themes\blankslate\page-home.php on line 9
[03-Dec-2025 06:44:10 UTC] PHP Warning:  Undefined variable $image in C:\Users\Hector\Local Sites\blog\app\public\wp-content\themes\blankslate\page-home.php on line 9
[03-Dec-2025 06:44:10 UTC] PHP Warning:  Trying to access array offset on value of type null in C:\Users\Hector\Local Sites\blog\app\public\wp-content\themes\blankslate\page-home.php on line 9
[03-Dec-2025 06:44:10 UTC] PHP Warning:  Trying to access array offset on value of type null in C:\Users\Hector\Local Sites\blog\app\public\wp-content\themes\blankslate\page-home.php on line 9
[04-Dec-2025 04:52:00 UTC] PHP Parse error:  syntax error, unexpected token "endif" in C:\Users\Hector\Local Sites\blog\app\public\wp-content\themes\blankslate\page-home.php on line 42
[04-Dec-2025 04:54:14 UTC] PHP Fatal error:  Uncaught TypeError: Cannot access offset of type string on string in C:\Users\Hector\Local Sites\blog\app\public\wp-content\themes\blankslate\page-home.php:42
Stack trace:
#0 C:\Users\Hector\Local Sites\blog\app\public\wp-includes\template-loader.php(106): include()
#1 C:\Users\Hector\Local Sites\blog\app\public\wp-blog-header.php(19): require_once('C:\\Users\\Hector...')
#2 C:\Users\Hector\Local Sites\blog\app\public\index.php(17): require('C:\\Users\\Hector...')
#3 {main}
  thrown in C:\Users\Hector\Local Sites\blog\app\public\wp-content\themes\blankslate\page-home.php on line 42
[04-Dec-2025 04:54:17 UTC] PHP Fatal error:  Uncaught TypeError: Cannot access offset of type string on string in C:\Users\Hector\Local Sites\blog\app\public\wp-content\themes\blankslate\page-home.php:42
Stack trace:
#0 C:\Users\Hector\Local Sites\blog\app\public\wp-includes\template-loader.php(106): include()
#1 C:\Users\Hector\Local Sites\blog\app\public\wp-blog-header.php(19): require_once('C:\\Users\\Hector...')
#2 C:\Users\Hector\Local Sites\blog\app\public\index.php(17): require('C:\\Users\\Hector...')
#3 {main}
  thrown in C:\Users\Hector\Local Sites\blog\app\public\wp-content\themes\blankslate\page-home.php on line 42
[04-Dec-2025 04:54:51 UTC] PHP Fatal error:  Uncaught TypeError: Cannot access offset of type string on string in C:\Users\Hector\Local Sites\blog\app\public\wp-content\themes\blankslate\page-home.php:41
Stack trace:
#0 C:\Users\Hector\Local Sites\blog\app\public\wp-includes\template-loader.php(106): include()
#1 C:\Users\Hector\Local Sites\blog\app\public\wp-blog-header.php(19): require_once('C:\\Users\\Hector...')
#2 C:\Users\Hector\Local Sites\blog\app\public\index.php(17): require('C:\\Users\\Hector...')
#3 {main}
  thrown in C:\Users\Hector\Local Sites\blog\app\public\wp-content\themes\blankslate\page-home.php on line 41
[04-Dec-2025 05:03:44 UTC] PHP Parse error:  syntax error, unexpected end of file in C:\Users\Hector\Local Sites\blog\app\public\wp-content\themes\blankslate\single.php on line 6
[04-Dec-2025 05:03:50 UTC] PHP Parse error:  syntax error, unexpected end of file in C:\Users\Hector\Local Sites\blog\app\public\wp-content\themes\blankslate\single.php on line 5
